{"C:\\Users\\HP\\Desktop\\Dev\\auth-server\\src\\auth\\presentation\\routers\\login-router.js": {"path":"C:\\Users\\HP\\Desktop\\Dev\\auth-server\\src\\auth\\presentation\\routers\\login-router.js","statementMap":{"0":{"start":{"line":1,"column":21},"end":{"line":1,"column":60}},"1":{"start":{"line":3,"column":0},"end":{"line":32,"column":1}},"2":{"start":{"line":5,"column":4},"end":{"line":5,"column":34}},"3":{"start":{"line":6,"column":4},"end":{"line":6,"column":40}},"4":{"start":{"line":10,"column":4},"end":{"line":30,"column":5}},"5":{"start":{"line":11,"column":34},"end":{"line":11,"column":50}},"6":{"start":{"line":12,"column":6},"end":{"line":14,"column":7}},"7":{"start":{"line":13,"column":8},"end":{"line":13,"column":47}},"8":{"start":{"line":15,"column":6},"end":{"line":17,"column":7}},"9":{"start":{"line":16,"column":8},"end":{"line":16,"column":50}},"10":{"start":{"line":18,"column":6},"end":{"line":20,"column":7}},"11":{"start":{"line":19,"column":8},"end":{"line":19,"column":56}},"12":{"start":{"line":22,"column":24},"end":{"line":22,"column":68}},"13":{"start":{"line":24,"column":6},"end":{"line":26,"column":7}},"14":{"start":{"line":25,"column":8},"end":{"line":25,"column":48}},"15":{"start":{"line":27,"column":6},"end":{"line":27,"column":43}},"16":{"start":{"line":29,"column":6},"end":{"line":29,"column":39}}},"fnMap":{"0":{"name":"(anonymous_0)","decl":{"start":{"line":4,"column":2},"end":{"line":4,"column":3}},"loc":{"start":{"line":4,"column":44},"end":{"line":7,"column":3}},"line":4},"1":{"name":"(anonymous_1)","decl":{"start":{"line":9,"column":2},"end":{"line":9,"column":3}},"loc":{"start":{"line":9,"column":28},"end":{"line":31,"column":3}},"line":9}},"branchMap":{"0":{"loc":{"start":{"line":12,"column":6},"end":{"line":14,"column":7}},"type":"if","locations":[{"start":{"line":12,"column":6},"end":{"line":14,"column":7}},{"start":{"line":12,"column":6},"end":{"line":14,"column":7}}],"line":12},"1":{"loc":{"start":{"line":15,"column":6},"end":{"line":17,"column":7}},"type":"if","locations":[{"start":{"line":15,"column":6},"end":{"line":17,"column":7}},{"start":{"line":15,"column":6},"end":{"line":17,"column":7}}],"line":15},"2":{"loc":{"start":{"line":18,"column":6},"end":{"line":20,"column":7}},"type":"if","locations":[{"start":{"line":18,"column":6},"end":{"line":20,"column":7}},{"start":{"line":18,"column":6},"end":{"line":20,"column":7}}],"line":18},"3":{"loc":{"start":{"line":24,"column":6},"end":{"line":26,"column":7}},"type":"if","locations":[{"start":{"line":24,"column":6},"end":{"line":26,"column":7}},{"start":{"line":24,"column":6},"end":{"line":26,"column":7}}],"line":24}},"s":{"0":1,"1":1,"2":15,"3":15,"4":15,"5":15,"6":13,"7":1,"8":12,"9":1,"10":11,"11":1,"12":4,"13":4,"14":1,"15":3,"16":8},"f":{"0":15,"1":15},"b":{"0":[1,12],"1":[1,11],"2":[1,4],"3":[1,3]},"_coverageSchema":"1a1c01bbd47fc00a2c39e90264f33305004495a9","hash":"6bcc61d95073ca50373cb0d18e0d28377737f57a"}
,"C:\\Users\\HP\\Desktop\\Dev\\auth-server\\src\\utils\\errors.js": {"path":"C:\\Users\\HP\\Desktop\\Dev\\auth-server\\src\\utils\\errors.js","statementMap":{"0":{"start":{"line":3,"column":4},"end":{"line":3,"column":36}},"1":{"start":{"line":4,"column":4},"end":{"line":4,"column":35}},"2":{"start":{"line":10,"column":4},"end":{"line":10,"column":27}},"3":{"start":{"line":11,"column":4},"end":{"line":11,"column":29}},"4":{"start":{"line":17,"column":4},"end":{"line":17,"column":36}},"5":{"start":{"line":18,"column":4},"end":{"line":18,"column":35}},"6":{"start":{"line":24,"column":4},"end":{"line":24,"column":36}},"7":{"start":{"line":25,"column":4},"end":{"line":25,"column":35}},"8":{"start":{"line":29,"column":0},"end":{"line":29,"column":89}}},"fnMap":{"0":{"name":"(anonymous_0)","decl":{"start":{"line":2,"column":2},"end":{"line":2,"column":3}},"loc":{"start":{"line":2,"column":22},"end":{"line":5,"column":3}},"line":2},"1":{"name":"(anonymous_1)","decl":{"start":{"line":9,"column":2},"end":{"line":9,"column":3}},"loc":{"start":{"line":9,"column":17},"end":{"line":12,"column":3}},"line":9},"2":{"name":"(anonymous_2)","decl":{"start":{"line":16,"column":2},"end":{"line":16,"column":3}},"loc":{"start":{"line":16,"column":22},"end":{"line":19,"column":3}},"line":16},"3":{"name":"(anonymous_3)","decl":{"start":{"line":23,"column":2},"end":{"line":23,"column":3}},"loc":{"start":{"line":23,"column":22},"end":{"line":26,"column":3}},"line":23}},"branchMap":{},"s":{"0":4,"1":4,"2":10,"3":10,"4":2,"5":2,"6":2,"7":2,"8":1},"f":{"0":4,"1":10,"2":2,"3":2},"b":{},"_coverageSchema":"1a1c01bbd47fc00a2c39e90264f33305004495a9","hash":"845c092c3be141108216f2eba3dca9813d835665"}
,"C:\\Users\\HP\\Desktop\\Dev\\auth-server\\src\\utils\\http-response.js": {"path":"C:\\Users\\HP\\Desktop\\Dev\\auth-server\\src\\utils\\http-response.js","statementMap":{"0":{"start":{"line":1,"column":81},"end":{"line":1,"column":100}},"1":{"start":{"line":3,"column":0},"end":{"line":38,"column":1}},"2":{"start":{"line":5,"column":4},"end":{"line":8,"column":5}},"3":{"start":{"line":12,"column":4},"end":{"line":15,"column":5}},"4":{"start":{"line":19,"column":4},"end":{"line":22,"column":5}},"5":{"start":{"line":26,"column":4},"end":{"line":29,"column":5}},"6":{"start":{"line":33,"column":4},"end":{"line":36,"column":5}}},"fnMap":{"0":{"name":"(anonymous_0)","decl":{"start":{"line":4,"column":2},"end":{"line":4,"column":3}},"loc":{"start":{"line":4,"column":24},"end":{"line":9,"column":3}},"line":4},"1":{"name":"(anonymous_1)","decl":{"start":{"line":11,"column":2},"end":{"line":11,"column":3}},"loc":{"start":{"line":11,"column":28},"end":{"line":16,"column":3}},"line":11},"2":{"name":"(anonymous_2)","decl":{"start":{"line":18,"column":2},"end":{"line":18,"column":3}},"loc":{"start":{"line":18,"column":31},"end":{"line":23,"column":3}},"line":18},"3":{"name":"(anonymous_3)","decl":{"start":{"line":25,"column":2},"end":{"line":25,"column":3}},"loc":{"start":{"line":25,"column":19},"end":{"line":30,"column":3}},"line":25},"4":{"name":"(anonymous_4)","decl":{"start":{"line":32,"column":2},"end":{"line":32,"column":3}},"loc":{"start":{"line":32,"column":37},"end":{"line":37,"column":3}},"line":32}},"branchMap":{},"s":{"0":1,"1":1,"2":8,"3":2,"4":1,"5":3,"6":1},"f":{"0":8,"1":2,"2":1,"3":3,"4":1},"b":{},"_coverageSchema":"1a1c01bbd47fc00a2c39e90264f33305004495a9","hash":"74ebbd4ed54cd9bc4d71798cadbff170e9f4ff5d"}
}
