TN:
SF:src\auth\presentation\routers\login-router.js
FN:4,(anonymous_0)
FN:9,(anonymous_1)
FNF:2
FNH:2
FNDA:15,(anonymous_0)
FNDA:15,(anonymous_1)
DA:1,1
DA:3,1
DA:5,15
DA:6,15
DA:10,15
DA:11,15
DA:12,13
DA:13,1
DA:15,12
DA:16,1
DA:18,11
DA:19,1
DA:22,4
DA:24,4
DA:25,1
DA:27,3
DA:29,8
LF:17
LH:17
BRDA:12,0,0,1
BRDA:12,0,1,12
BRDA:15,1,0,1
BRDA:15,1,1,11
BRDA:18,2,0,1
BRDA:18,2,1,4
BRDA:24,3,0,1
BRDA:24,3,1,3
BRF:8
BRH:8
end_of_record
TN:
SF:src\utils\errors.js
FN:2,(anonymous_0)
FN:9,(anonymous_1)
FN:16,(anonymous_2)
FN:23,(anonymous_3)
FNF:4
FNH:4
FNDA:4,(anonymous_0)
FNDA:10,(anonymous_1)
FNDA:2,(anonymous_2)
FNDA:2,(anonymous_3)
DA:3,4
DA:4,4
DA:10,10
DA:11,10
DA:17,2
DA:18,2
DA:24,2
DA:25,2
DA:29,1
LF:9
LH:9
BRF:0
BRH:0
end_of_record
TN:
SF:src\utils\http-response.js
FN:4,(anonymous_0)
FN:11,(anonymous_1)
FN:18,(anonymous_2)
FN:25,(anonymous_3)
FN:32,(anonymous_4)
FNF:5
FNH:5
FNDA:8,(anonymous_0)
FNDA:2,(anonymous_1)
FNDA:1,(anonymous_2)
FNDA:3,(anonymous_3)
FNDA:1,(anonymous_4)
DA:1,1
DA:3,1
DA:5,8
DA:12,2
DA:19,1
DA:26,3
DA:33,1
LF:7
LH:7
BRF:0
BRH:0
end_of_record
